[NbConvertApp] Converting notebook MLP_KFold_model2_HPC.ipynb to notebook
[NbConvertApp] Writing 64183 bytes to MLP_KFold_Executed.ipynb
	Command being timed: "jupyter nbconvert --to notebook --execute MLP_KFold_model2_HPC.ipynb --output MLP_KFold_Executed.ipynb"
	User time (seconds): 87848.56
	System time (seconds): 1106.30
	Percent of CPU this job got: 95%
	Elapsed (wall clock) time (h:mm:ss or m:ss): 25:52:40
	Average shared text size (kbytes): 0
	Average unshared data size (kbytes): 0
	Average stack size (kbytes): 0
	Average total size (kbytes): 0
	Maximum resident set size (kbytes): 4683964
	Average resident set size (kbytes): 0
	Major (requiring I/O) page faults: 0
	Minor (reclaiming a frame) page faults: 29277086
	Voluntary context switches: 90788515
	Involuntary context switches: 299081
	Swaps: 0
	File system inputs: 0
	File system outputs: 208
	Socket messages sent: 0
	Socket messages received: 0
	Signals delivered: 0
	Page size (bytes): 4096
	Exit status: 0
Cannot autolaunch D-Bus without X11 $DISPLAY
