[NbConvertApp] Converting notebook MLP_KFold_model2_HPC.ipynb to notebook
[NbConvertApp] Writing 28047 bytes to MLP_KFold_Executed.ipynb
	Command being timed: "jupyter nbconvert --to notebook --execute MLP_KFold_model2_HPC.ipynb --output MLP_KFold_Executed.ipynb"
	User time (seconds): 13058.14
	System time (seconds): 191.84
	Percent of CPU this job got: 98%
	Elapsed (wall clock) time (h:mm:ss or m:ss): 3:43:19
	Average shared text size (kbytes): 0
	Average unshared data size (kbytes): 0
	Average stack size (kbytes): 0
	Average total size (kbytes): 0
	Maximum resident set size (kbytes): 5510332
	Average resident set size (kbytes): 0
	Major (requiring I/O) page faults: 0
	Minor (reclaiming a frame) page faults: 4274805
	Voluntary context switches: 16358394
	Involuntary context switches: 5002
	Swaps: 0
	File system inputs: 0
	File system outputs: 136
	Socket messages sent: 0
	Socket messages received: 0
	Signals delivered: 0
	Page size (bytes): 4096
	Exit status: 0
Cannot autolaunch D-Bus without X11 $DISPLAY
